<?xml version="1.0" encoding="UTF-8"?>
<!-- Generated by org.testng.reporters.JUnitReportReporter -->
<testsuite hostname="Faizur" failures="0" tests="3" name="org.blazeproductstore.automation.testcases.TC_002_ValidateSignUp" time="17.190" errors="0" timestamp="2024-06-26T16:56:27 IST" skipped="0">
  <testcase classname="org.blazeproductstore.automation.testcases.TC_002_ValidateSignUp" name="tc_002_validateSignUp" time="5.975"/>
  <testcase classname="org.blazeproductstore.automation.testcases.TC_002_ValidateSignUp" name="tc_002_validateSignUp" time="5.439"/>
  <testcase classname="org.blazeproductstore.automation.testcases.TC_002_ValidateSignUp" name="tc_002_validateSignUp" time="5.776"/>
</testsuite> <!-- org.blazeproductstore.automation.testcases.TC_002_ValidateSignUp -->
