<?xml version="1.0" encoding="UTF-8"?>
<!-- Generated by org.testng.reporters.JUnitReportReporter -->
<testsuite hostname="Faizur" failures="0" tests="3" name="org.blazeproductstore.automation.testcases.TC_002_ValidateSignUp" time="18.406" errors="0" timestamp="2024-06-26T10:56:50 IST" skipped="0">
  <testcase classname="org.blazeproductstore.automation.testcases.TC_002_ValidateSignUp" name="tc_002_validateSignUp" time="5.597"/>
  <testcase classname="org.blazeproductstore.automation.testcases.TC_002_ValidateSignUp" name="tc_002_validateSignUp" time="6.511"/>
  <testcase classname="org.blazeproductstore.automation.testcases.TC_002_ValidateSignUp" name="tc_002_validateSignUp" time="6.298"/>
</testsuite> <!-- org.blazeproductstore.automation.testcases.TC_002_ValidateSignUp -->
