<?xml version="1.0" encoding="UTF-8"?>
<!-- Generated by org.testng.reporters.JUnitReportReporter -->
<testsuite hostname="Faizur" failures="0" tests="3" name="org.blazeproductstore.automation.testcases.TC_002_ValidateSignUp" time="11.157" errors="0" timestamp="2024-06-25T18:19:45 IST" skipped="0">
  <testcase classname="org.blazeproductstore.automation.testcases.TC_002_ValidateSignUp" name="tc_002_validateSignUp" time="3.903"/>
  <testcase classname="org.blazeproductstore.automation.testcases.TC_002_ValidateSignUp" name="tc_002_validateSignUp" time="3.858"/>
  <testcase classname="org.blazeproductstore.automation.testcases.TC_002_ValidateSignUp" name="tc_002_validateSignUp" time="3.396"/>
</testsuite> <!-- org.blazeproductstore.automation.testcases.TC_002_ValidateSignUp -->
