<?xml version="1.0" encoding="UTF-8"?>
<!-- Generated by org.testng.reporters.JUnitReportReporter -->
<testsuite hostname="Faizur" failures="0" tests="3" name="org.blazeproductstore.automation.testcases.TC_001_ValidateLogin" time="23.983" errors="0" timestamp="2024-06-26T16:56:27 IST" skipped="0">
  <testcase classname="org.blazeproductstore.automation.testcases.TC_001_ValidateLogin" name="tc_001_validateLogin" time="7.625"/>
  <testcase classname="org.blazeproductstore.automation.testcases.TC_001_ValidateLogin" name="tc_001_validateLogin" time="6.881"/>
  <testcase classname="org.blazeproductstore.automation.testcases.TC_001_ValidateLogin" name="tc_001_validateLogin" time="9.477"/>
</testsuite> <!-- org.blazeproductstore.automation.testcases.TC_001_ValidateLogin -->
