<?xml version="1.0" encoding="UTF-8"?>
<!-- Generated by org.testng.reporters.JUnitReportReporter -->
<testsuite hostname="Faizur" failures="0" tests="3" name="org.blazeproductstore.automation.testcases.TC_001_ValidateLogin" time="15.319" errors="0" timestamp="2024-06-26T10:28:16 IST" skipped="0">
  <testcase classname="org.blazeproductstore.automation.testcases.TC_001_ValidateLogin" name="tc_001_validateLogin" time="6.671"/>
  <testcase classname="org.blazeproductstore.automation.testcases.TC_001_ValidateLogin" name="tc_001_validateLogin" time="4.198"/>
  <testcase classname="org.blazeproductstore.automation.testcases.TC_001_ValidateLogin" name="tc_001_validateLogin" time="4.450"/>
</testsuite> <!-- org.blazeproductstore.automation.testcases.TC_001_ValidateLogin -->
